[xlog] 13-01-14 18:00:41 ERROR impl.HDFSAdapter: fail to recreate HDFSOutputstream,the exception is 
[xlog] 13-01-14 18:00:41 ERROR impl.HDFSAdapter: fail to get HDFSOutputStream,it can't store logdata to hdfs!
[xlog] 13-01-14 18:00:41 ERROR impl.HDFSAdapter: fail to create HDFSOutputstream,then reinitialize hdfs and recreate!the exception is org.apache.hadoop.hdfs.server.namenode.SafeModeException: Cannot create file/user/xianquanzhang/3g/game/test0/2013-01-14-18.x1. Name node is in safe mode.
The ratio of reported blocks 1.0000 has reached the threshold 0.9990. Safe mode will be turned off automatically in 24 seconds.
	at org.apache.hadoop.hdfs.server.namenode.FSNamesystem.startFileInternal(FSNamesystem.java:1220)
	at org.apache.hadoop.hdfs.server.namenode.FSNamesystem.startFile(FSNamesystem.java:1188)
	at org.apache.hadoop.hdfs.server.namenode.NameNode.create(NameNode.java:628)
	at sun.reflect.GeneratedMethodAccessor3.invoke(Unknown Source)
	at sun.reflect.DelegatingMethodAccessorImpl.invoke(DelegatingMethodAccessorImpl.java:25)
	at java.lang.reflect.Method.invoke(Method.java:597)
	at org.apache.hadoop.ipc.RPC$Server.call(RPC.java:643)
	at org.apache.hadoop.ipc.Server$Handler$1.run(Server.java:1388)
	at org.apache.hadoop.ipc.Server$Handler$1.run(Server.java:1384)
	at java.security.AccessController.doPrivileged(Native Method)
	at javax.security.auth.Subject.doAs(Subject.java:396)
	at org.apache.hadoop.security.UserGroupInformation.doAs(UserGroupInformation.java:1121)
	at org.apache.hadoop.ipc.Server$Handler.run(Server.java:1382)

[xlog] 13-01-14 18:00:41 ERROR impl.HDFSAdapter: fail to recreate HDFSOutputstream,the exception is 
[xlog] 13-01-14 18:00:41 ERROR impl.HDFSAdapter: fail to get HDFSOutputStream,it can't store logdata to hdfs!
[xlog] 13-01-14 18:00:41 ERROR impl.HDFSAdapter: fail to create HDFSOutputstream,then reinitialize hdfs and recreate!the exception is org.apache.hadoop.hdfs.server.namenode.SafeModeException: Cannot create file/user/xianquanzhang/3g/game/test0/2013-01-14-18.x1. Name node is in safe mode.
The ratio of reported blocks 1.0000 has reached the threshold 0.9990. Safe mode will be turned off automatically in 24 seconds.
	at org.apache.hadoop.hdfs.server.namenode.FSNamesystem.startFileInternal(FSNamesystem.java:1220)
	at org.apache.hadoop.hdfs.server.namenode.FSNamesystem.startFile(FSNamesystem.java:1188)
	at org.apache.hadoop.hdfs.server.namenode.NameNode.create(NameNode.java:628)
	at sun.reflect.GeneratedMethodAccessor3.invoke(Unknown Source)
	at sun.reflect.DelegatingMethodAccessorImpl.invoke(DelegatingMethodAccessorImpl.java:25)
	at java.lang.reflect.Method.invoke(Method.java:597)
	at org.apache.hadoop.ipc.RPC$Server.call(RPC.java:643)
	at org.apache.hadoop.ipc.Server$Handler$1.run(Server.java:1388)
	at org.apache.hadoop.ipc.Server$Handler$1.run(Server.java:1384)
	at java.security.AccessController.doPrivileged(Native Method)
	at javax.security.auth.Subject.doAs(Subject.java:396)
	at org.apache.hadoop.security.UserGroupInformation.doAs(UserGroupInformation.java:1121)
	at org.apache.hadoop.ipc.Server$Handler.run(Server.java:1382)

[xlog] 13-01-14 18:00:42 ERROR impl.HDFSAdapter: fail to recreate HDFSOutputstream,the exception is 
[xlog] 13-01-14 18:00:42 ERROR impl.HDFSAdapter: fail to get HDFSOutputStream,it can't store logdata to hdfs!
[xlog] 13-01-14 18:00:42 ERROR impl.HDFSAdapter: fail to create HDFSOutputstream,then reinitialize hdfs and recreate!the exception is org.apache.hadoop.hdfs.server.namenode.SafeModeException: Cannot create file/user/xianquanzhang/3g/game/test0/2013-01-14-18.x1. Name node is in safe mode.
The ratio of reported blocks 1.0000 has reached the threshold 0.9990. Safe mode will be turned off automatically in 23 seconds.
	at org.apache.hadoop.hdfs.server.namenode.FSNamesystem.startFileInternal(FSNamesystem.java:1220)
	at org.apache.hadoop.hdfs.server.namenode.FSNamesystem.startFile(FSNamesystem.java:1188)
	at org.apache.hadoop.hdfs.server.namenode.NameNode.create(NameNode.java:628)
	at sun.reflect.GeneratedMethodAccessor3.invoke(Unknown Source)
	at sun.reflect.DelegatingMethodAccessorImpl.invoke(DelegatingMethodAccessorImpl.java:25)
	at java.lang.reflect.Method.invoke(Method.java:597)
	at org.apache.hadoop.ipc.RPC$Server.call(RPC.java:643)
	at org.apache.hadoop.ipc.Server$Handler$1.run(Server.java:1388)
	at org.apache.hadoop.ipc.Server$Handler$1.run(Server.java:1384)
	at java.security.AccessController.doPrivileged(Native Method)
	at javax.security.auth.Subject.doAs(Subject.java:396)
	at org.apache.hadoop.security.UserGroupInformation.doAs(UserGroupInformation.java:1121)
	at org.apache.hadoop.ipc.Server$Handler.run(Server.java:1382)

[xlog] 13-01-14 18:00:42 ERROR impl.HDFSAdapter: fail to recreate HDFSOutputstream,the exception is 
[xlog] 13-01-14 18:00:42 ERROR impl.HDFSAdapter: fail to get HDFSOutputStream,it can't store logdata to hdfs!
[xlog] 13-01-14 18:00:42 ERROR impl.HDFSAdapter: fail to create HDFSOutputstream,then reinitialize hdfs and recreate!the exception is org.apache.hadoop.hdfs.server.namenode.SafeModeException: Cannot create file/user/xianquanzhang/3g/game/test0/2013-01-14-18.x1. Name node is in safe mode.
The ratio of reported blocks 1.0000 has reached the threshold 0.9990. Safe mode will be turned off automatically in 23 seconds.
	at org.apache.hadoop.hdfs.server.namenode.FSNamesystem.startFileInternal(FSNamesystem.java:1220)
	at org.apache.hadoop.hdfs.server.namenode.FSNamesystem.startFile(FSNamesystem.java:1188)
	at org.apache.hadoop.hdfs.server.namenode.NameNode.create(NameNode.java:628)
	at sun.reflect.GeneratedMethodAccessor3.invoke(Unknown Source)
	at sun.reflect.DelegatingMethodAccessorImpl.invoke(DelegatingMethodAccessorImpl.java:25)
	at java.lang.reflect.Method.invoke(Method.java:597)
	at org.apache.hadoop.ipc.RPC$Server.call(RPC.java:643)
	at org.apache.hadoop.ipc.Server$Handler$1.run(Server.java:1388)
	at org.apache.hadoop.ipc.Server$Handler$1.run(Server.java:1384)
	at java.security.AccessController.doPrivileged(Native Method)
	at javax.security.auth.Subject.doAs(Subject.java:396)
	at org.apache.hadoop.security.UserGroupInformation.doAs(UserGroupInformation.java:1121)
	at org.apache.hadoop.ipc.Server$Handler.run(Server.java:1382)

[xlog] 13-01-14 18:00:43 ERROR impl.HDFSAdapter: fail to recreate HDFSOutputstream,the exception is 
[xlog] 13-01-14 18:00:43 ERROR impl.HDFSAdapter: fail to get HDFSOutputStream,it can't store logdata to hdfs!
[xlog] 13-01-14 18:00:43 ERROR impl.HDFSAdapter: fail to create HDFSOutputstream,then reinitialize hdfs and recreate!the exception is org.apache.hadoop.hdfs.server.namenode.SafeModeException: Cannot create file/user/xianquanzhang/3g/game/test0/2013-01-14-18.x1. Name node is in safe mode.
The ratio of reported blocks 1.0000 has reached the threshold 0.9990. Safe mode will be turned off automatically in 22 seconds.
	at org.apache.hadoop.hdfs.server.namenode.FSNamesystem.startFileInternal(FSNamesystem.java:1220)
	at org.apache.hadoop.hdfs.server.namenode.FSNamesystem.startFile(FSNamesystem.java:1188)
	at org.apache.hadoop.hdfs.server.namenode.NameNode.create(NameNode.java:628)
	at sun.reflect.GeneratedMethodAccessor3.invoke(Unknown Source)
	at sun.reflect.DelegatingMethodAccessorImpl.invoke(DelegatingMethodAccessorImpl.java:25)
	at java.lang.reflect.Method.invoke(Method.java:597)
	at org.apache.hadoop.ipc.RPC$Server.call(RPC.java:643)
	at org.apache.hadoop.ipc.Server$Handler$1.run(Server.java:1388)
	at org.apache.hadoop.ipc.Server$Handler$1.run(Server.java:1384)
	at java.security.AccessController.doPrivileged(Native Method)
	at javax.security.auth.Subject.doAs(Subject.java:396)
	at org.apache.hadoop.security.UserGroupInformation.doAs(UserGroupInformation.java:1121)
	at org.apache.hadoop.ipc.Server$Handler.run(Server.java:1382)

[xlog] 13-01-14 18:00:43 ERROR impl.HDFSAdapter: fail to recreate HDFSOutputstream,the exception is 
[xlog] 13-01-14 18:00:43 ERROR impl.HDFSAdapter: fail to get HDFSOutputStream,it can't store logdata to hdfs!
[xlog] 13-01-14 18:00:43 ERROR impl.HDFSAdapter: fail to create HDFSOutputstream,then reinitialize hdfs and recreate!the exception is org.apache.hadoop.hdfs.server.namenode.SafeModeException: Cannot create file/user/xianquanzhang/3g/game/test0/2013-01-14-18.x1. Name node is in safe mode.
The ratio of reported blocks 1.0000 has reached the threshold 0.9990. Safe mode will be turned off automatically in 22 seconds.
	at org.apache.hadoop.hdfs.server.namenode.FSNamesystem.startFileInternal(FSNamesystem.java:1220)
	at org.apache.hadoop.hdfs.server.namenode.FSNamesystem.startFile(FSNamesystem.java:1188)
	at org.apache.hadoop.hdfs.server.namenode.NameNode.create(NameNode.java:628)
	at sun.reflect.GeneratedMethodAccessor3.invoke(Unknown Source)
	at sun.reflect.DelegatingMethodAccessorImpl.invoke(DelegatingMethodAccessorImpl.java:25)
	at java.lang.reflect.Method.invoke(Method.java:597)
	at org.apache.hadoop.ipc.RPC$Server.call(RPC.java:643)
	at org.apache.hadoop.ipc.Server$Handler$1.run(Server.java:1388)
	at org.apache.hadoop.ipc.Server$Handler$1.run(Server.java:1384)
	at java.security.AccessController.doPrivileged(Native Method)
	at javax.security.auth.Subject.doAs(Subject.java:396)
	at org.apache.hadoop.security.UserGroupInformation.doAs(UserGroupInformation.java:1121)
	at org.apache.hadoop.ipc.Server$Handler.run(Server.java:1382)

[xlog] 13-01-14 18:00:44 ERROR impl.HDFSAdapter: fail to recreate HDFSOutputstream,the exception is 
[xlog] 13-01-14 18:00:44 ERROR impl.HDFSAdapter: fail to get HDFSOutputStream,it can't store logdata to hdfs!
[xlog] 13-01-14 18:00:44 ERROR impl.HDFSAdapter: fail to create HDFSOutputstream,then reinitialize hdfs and recreate!the exception is org.apache.hadoop.hdfs.server.namenode.SafeModeException: Cannot create file/user/xianquanzhang/3g/game/test0/2013-01-14-18.x1. Name node is in safe mode.
The ratio of reported blocks 1.0000 has reached the threshold 0.9990. Safe mode will be turned off automatically in 21 seconds.
	at org.apache.hadoop.hdfs.server.namenode.FSNamesystem.startFileInternal(FSNamesystem.java:1220)
	at org.apache.hadoop.hdfs.server.namenode.FSNamesystem.startFile(FSNamesystem.java:1188)
	at org.apache.hadoop.hdfs.server.namenode.NameNode.create(NameNode.java:628)
	at sun.reflect.GeneratedMethodAccessor3.invoke(Unknown Source)
	at sun.reflect.DelegatingMethodAccessorImpl.invoke(DelegatingMethodAccessorImpl.java:25)
	at java.lang.reflect.Method.invoke(Method.java:597)
	at org.apache.hadoop.ipc.RPC$Server.call(RPC.java:643)
	at org.apache.hadoop.ipc.Server$Handler$1.run(Server.java:1388)
	at org.apache.hadoop.ipc.Server$Handler$1.run(Server.java:1384)
	at java.security.AccessController.doPrivileged(Native Method)
	at javax.security.auth.Subject.doAs(Subject.java:396)
	at org.apache.hadoop.security.UserGroupInformation.doAs(UserGroupInformation.java:1121)
	at org.apache.hadoop.ipc.Server$Handler.run(Server.java:1382)

[xlog] 13-01-14 18:00:45 ERROR impl.HDFSAdapter: fail to recreate HDFSOutputstream,the exception is 
[xlog] 13-01-14 18:00:45 ERROR impl.HDFSAdapter: fail to get HDFSOutputStream,it can't store logdata to hdfs!
[xlog] 13-01-14 18:00:45 ERROR impl.HDFSAdapter: fail to create HDFSOutputstream,then reinitialize hdfs and recreate!the exception is org.apache.hadoop.hdfs.server.namenode.SafeModeException: Cannot create file/user/xianquanzhang/3g/game/test0/2013-01-14-18.x1. Name node is in safe mode.
The ratio of reported blocks 1.0000 has reached the threshold 0.9990. Safe mode will be turned off automatically in 20 seconds.
	at org.apache.hadoop.hdfs.server.namenode.FSNamesystem.startFileInternal(FSNamesystem.java:1220)
	at org.apache.hadoop.hdfs.server.namenode.FSNamesystem.startFile(FSNamesystem.java:1188)
	at org.apache.hadoop.hdfs.server.namenode.NameNode.create(NameNode.java:628)
	at sun.reflect.GeneratedMethodAccessor3.invoke(Unknown Source)
	at sun.reflect.DelegatingMethodAccessorImpl.invoke(DelegatingMethodAccessorImpl.java:25)
	at java.lang.reflect.Method.invoke(Method.java:597)
	at org.apache.hadoop.ipc.RPC$Server.call(RPC.java:643)
	at org.apache.hadoop.ipc.Server$Handler$1.run(Server.java:1388)
	at org.apache.hadoop.ipc.Server$Handler$1.run(Server.java:1384)
	at java.security.AccessController.doPrivileged(Native Method)
	at javax.security.auth.Subject.doAs(Subject.java:396)
	at org.apache.hadoop.security.UserGroupInformation.doAs(UserGroupInformation.java:1121)
	at org.apache.hadoop.ipc.Server$Handler.run(Server.java:1382)

[xlog] 13-01-14 18:00:45 ERROR impl.HDFSAdapter: fail to recreate HDFSOutputstream,the exception is 
[xlog] 13-01-14 18:00:45 ERROR impl.HDFSAdapter: fail to get HDFSOutputStream,it can't store logdata to hdfs!
[xlog] 13-01-14 18:00:45 ERROR impl.HDFSAdapter: fail to create HDFSOutputstream,then reinitialize hdfs and recreate!the exception is org.apache.hadoop.hdfs.server.namenode.SafeModeException: Cannot create file/user/xianquanzhang/3g/game/test0/2013-01-14-18.x1. Name node is in safe mode.
The ratio of reported blocks 1.0000 has reached the threshold 0.9990. Safe mode will be turned off automatically in 20 seconds.
	at org.apache.hadoop.hdfs.server.namenode.FSNamesystem.startFileInternal(FSNamesystem.java:1220)
	at org.apache.hadoop.hdfs.server.namenode.FSNamesystem.startFile(FSNamesystem.java:1188)
	at org.apache.hadoop.hdfs.server.namenode.NameNode.create(NameNode.java:628)
	at sun.reflect.GeneratedMethodAccessor3.invoke(Unknown Source)
	at sun.reflect.DelegatingMethodAccessorImpl.invoke(DelegatingMethodAccessorImpl.java:25)
	at java.lang.reflect.Method.invoke(Method.java:597)
	at org.apache.hadoop.ipc.RPC$Server.call(RPC.java:643)
	at org.apache.hadoop.ipc.Server$Handler$1.run(Server.java:1388)
	at org.apache.hadoop.ipc.Server$Handler$1.run(Server.java:1384)
	at java.security.AccessController.doPrivileged(Native Method)
	at javax.security.auth.Subject.doAs(Subject.java:396)
	at org.apache.hadoop.security.UserGroupInformation.doAs(UserGroupInformation.java:1121)
	at org.apache.hadoop.ipc.Server$Handler.run(Server.java:1382)

[xlog] 13-01-14 18:00:46 ERROR impl.HDFSAdapter: fail to recreate HDFSOutputstream,the exception is 
[xlog] 13-01-14 18:00:46 ERROR impl.HDFSAdapter: fail to get HDFSOutputStream,it can't store logdata to hdfs!
[xlog] 13-01-14 18:00:46 ERROR impl.HDFSAdapter: fail to create HDFSOutputstream,then reinitialize hdfs and recreate!the exception is org.apache.hadoop.hdfs.server.namenode.SafeModeException: Cannot create file/user/xianquanzhang/3g/game/test0/2013-01-14-18.x1. Name node is in safe mode.
The ratio of reported blocks 1.0000 has reached the threshold 0.9990. Safe mode will be turned off automatically in 19 seconds.
	at org.apache.hadoop.hdfs.server.namenode.FSNamesystem.startFileInternal(FSNamesystem.java:1220)
	at org.apache.hadoop.hdfs.server.namenode.FSNamesystem.startFile(FSNamesystem.java:1188)
	at org.apache.hadoop.hdfs.server.namenode.NameNode.create(NameNode.java:628)
	at sun.reflect.GeneratedMethodAccessor3.invoke(Unknown Source)
	at sun.reflect.DelegatingMethodAccessorImpl.invoke(DelegatingMethodAccessorImpl.java:25)
	at java.lang.reflect.Method.invoke(Method.java:597)
	at org.apache.hadoop.ipc.RPC$Server.call(RPC.java:643)
	at org.apache.hadoop.ipc.Server$Handler$1.run(Server.java:1388)
	at org.apache.hadoop.ipc.Server$Handler$1.run(Server.java:1384)
	at java.security.AccessController.doPrivileged(Native Method)
	at javax.security.auth.Subject.doAs(Subject.java:396)
	at org.apache.hadoop.security.UserGroupInformation.doAs(UserGroupInformation.java:1121)
	at org.apache.hadoop.ipc.Server$Handler.run(Server.java:1382)

[xlog] 13-01-14 18:00:46 ERROR impl.HDFSAdapter: fail to recreate HDFSOutputstream,the exception is 
[xlog] 13-01-14 18:00:46 ERROR impl.HDFSAdapter: fail to get HDFSOutputStream,it can't store logdata to hdfs!
[xlog] 13-01-14 18:00:46 ERROR impl.HDFSAdapter: fail to create HDFSOutputstream,then reinitialize hdfs and recreate!the exception is org.apache.hadoop.hdfs.server.namenode.SafeModeException: Cannot create file/user/xianquanzhang/3g/game/test0/2013-01-14-18.x1. Name node is in safe mode.
The ratio of reported blocks 1.0000 has reached the threshold 0.9990. Safe mode will be turned off automatically in 19 seconds.
	at org.apache.hadoop.hdfs.server.namenode.FSNamesystem.startFileInternal(FSNamesystem.java:1220)
	at org.apache.hadoop.hdfs.server.namenode.FSNamesystem.startFile(FSNamesystem.java:1188)
	at org.apache.hadoop.hdfs.server.namenode.NameNode.create(NameNode.java:628)
	at sun.reflect.GeneratedMethodAccessor3.invoke(Unknown Source)
	at sun.reflect.DelegatingMethodAccessorImpl.invoke(DelegatingMethodAccessorImpl.java:25)
	at java.lang.reflect.Method.invoke(Method.java:597)
	at org.apache.hadoop.ipc.RPC$Server.call(RPC.java:643)
	at org.apache.hadoop.ipc.Server$Handler$1.run(Server.java:1388)
	at org.apache.hadoop.ipc.Server$Handler$1.run(Server.java:1384)
	at java.security.AccessController.doPrivileged(Native Method)
	at javax.security.auth.Subject.doAs(Subject.java:396)
	at org.apache.hadoop.security.UserGroupInformation.doAs(UserGroupInformation.java:1121)
	at org.apache.hadoop.ipc.Server$Handler.run(Server.java:1382)

[xlog] 13-01-14 18:00:47 ERROR impl.HDFSAdapter: fail to recreate HDFSOutputstream,the exception is 
[xlog] 13-01-14 18:00:47 ERROR impl.HDFSAdapter: fail to get HDFSOutputStream,it can't store logdata to hdfs!
[xlog] 13-01-14 18:00:47 ERROR impl.HDFSAdapter: fail to create HDFSOutputstream,then reinitialize hdfs and recreate!the exception is org.apache.hadoop.hdfs.server.namenode.SafeModeException: Cannot create file/user/xianquanzhang/3g/game/test0/2013-01-14-18.x1. Name node is in safe mode.
The ratio of reported blocks 1.0000 has reached the threshold 0.9990. Safe mode will be turned off automatically in 18 seconds.
	at org.apache.hadoop.hdfs.server.namenode.FSNamesystem.startFileInternal(FSNamesystem.java:1220)
	at org.apache.hadoop.hdfs.server.namenode.FSNamesystem.startFile(FSNamesystem.java:1188)
	at org.apache.hadoop.hdfs.server.namenode.NameNode.create(NameNode.java:628)
	at sun.reflect.GeneratedMethodAccessor3.invoke(Unknown Source)
	at sun.reflect.DelegatingMethodAccessorImpl.invoke(DelegatingMethodAccessorImpl.java:25)
	at java.lang.reflect.Method.invoke(Method.java:597)
	at org.apache.hadoop.ipc.RPC$Server.call(RPC.java:643)
	at org.apache.hadoop.ipc.Server$Handler$1.run(Server.java:1388)
	at org.apache.hadoop.ipc.Server$Handler$1.run(Server.java:1384)
	at java.security.AccessController.doPrivileged(Native Method)
	at javax.security.auth.Subject.doAs(Subject.java:396)
	at org.apache.hadoop.security.UserGroupInformation.doAs(UserGroupInformation.java:1121)
	at org.apache.hadoop.ipc.Server$Handler.run(Server.java:1382)

[xlog] 13-01-14 18:00:48 ERROR impl.HDFSAdapter: fail to recreate HDFSOutputstream,the exception is 
[xlog] 13-01-14 18:00:48 ERROR impl.HDFSAdapter: fail to get HDFSOutputStream,it can't store logdata to hdfs!
[xlog] 13-01-14 18:00:48 ERROR impl.HDFSAdapter: fail to create HDFSOutputstream,then reinitialize hdfs and recreate!the exception is org.apache.hadoop.hdfs.server.namenode.SafeModeException: Cannot create file/user/xianquanzhang/3g/game/test0/2013-01-14-18.x1. Name node is in safe mode.
The ratio of reported blocks 1.0000 has reached the threshold 0.9990. Safe mode will be turned off automatically in 17 seconds.
	at org.apache.hadoop.hdfs.server.namenode.FSNamesystem.startFileInternal(FSNamesystem.java:1220)
	at org.apache.hadoop.hdfs.server.namenode.FSNamesystem.startFile(FSNamesystem.java:1188)
	at org.apache.hadoop.hdfs.server.namenode.NameNode.create(NameNode.java:628)
	at sun.reflect.GeneratedMethodAccessor3.invoke(Unknown Source)
	at sun.reflect.DelegatingMethodAccessorImpl.invoke(DelegatingMethodAccessorImpl.java:25)
	at java.lang.reflect.Method.invoke(Method.java:597)
	at org.apache.hadoop.ipc.RPC$Server.call(RPC.java:643)
	at org.apache.hadoop.ipc.Server$Handler$1.run(Server.java:1388)
	at org.apache.hadoop.ipc.Server$Handler$1.run(Server.java:1384)
	at java.security.AccessController.doPrivileged(Native Method)
	at javax.security.auth.Subject.doAs(Subject.java:396)
	at org.apache.hadoop.security.UserGroupInformation.doAs(UserGroupInformation.java:1121)
	at org.apache.hadoop.ipc.Server$Handler.run(Server.java:1382)

[xlog] 13-01-14 18:00:48 ERROR impl.HDFSAdapter: fail to recreate HDFSOutputstream,the exception is 
[xlog] 13-01-14 18:00:48 ERROR impl.HDFSAdapter: fail to get HDFSOutputStream,it can't store logdata to hdfs!
[xlog] 13-01-14 18:00:48 ERROR impl.HDFSAdapter: fail to create HDFSOutputstream,then reinitialize hdfs and recreate!the exception is org.apache.hadoop.hdfs.server.namenode.SafeModeException: Cannot create file/user/xianquanzhang/3g/game/test0/2013-01-14-18.x1. Name node is in safe mode.
The ratio of reported blocks 1.0000 has reached the threshold 0.9990. Safe mode will be turned off automatically in 17 seconds.
	at org.apache.hadoop.hdfs.server.namenode.FSNamesystem.startFileInternal(FSNamesystem.java:1220)
	at org.apache.hadoop.hdfs.server.namenode.FSNamesystem.startFile(FSNamesystem.java:1188)
	at org.apache.hadoop.hdfs.server.namenode.NameNode.create(NameNode.java:628)
	at sun.reflect.GeneratedMethodAccessor3.invoke(Unknown Source)
	at sun.reflect.DelegatingMethodAccessorImpl.invoke(DelegatingMethodAccessorImpl.java:25)
	at java.lang.reflect.Method.invoke(Method.java:597)
	at org.apache.hadoop.ipc.RPC$Server.call(RPC.java:643)
	at org.apache.hadoop.ipc.Server$Handler$1.run(Server.java:1388)
	at org.apache.hadoop.ipc.Server$Handler$1.run(Server.java:1384)
	at java.security.AccessController.doPrivileged(Native Method)
	at javax.security.auth.Subject.doAs(Subject.java:396)
	at org.apache.hadoop.security.UserGroupInformation.doAs(UserGroupInformation.java:1121)
	at org.apache.hadoop.ipc.Server$Handler.run(Server.java:1382)

[xlog] 13-01-14 18:00:48 DEBUG sync.SyncTimer: it start 0 threads to sync data!
[xlog] 13-01-14 18:00:49 ERROR impl.HDFSAdapter: fail to recreate HDFSOutputstream,the exception is 
[xlog] 13-01-14 18:00:49 ERROR impl.HDFSAdapter: fail to get HDFSOutputStream,it can't store logdata to hdfs!
[xlog] 13-01-14 18:00:49 ERROR impl.HDFSAdapter: fail to create HDFSOutputstream,then reinitialize hdfs and recreate!the exception is org.apache.hadoop.hdfs.server.namenode.SafeModeException: Cannot create file/user/xianquanzhang/3g/game/test0/2013-01-14-18.x1. Name node is in safe mode.
The ratio of reported blocks 1.0000 has reached the threshold 0.9990. Safe mode will be turned off automatically in 16 seconds.
	at org.apache.hadoop.hdfs.server.namenode.FSNamesystem.startFileInternal(FSNamesystem.java:1220)
	at org.apache.hadoop.hdfs.server.namenode.FSNamesystem.startFile(FSNamesystem.java:1188)
	at org.apache.hadoop.hdfs.server.namenode.NameNode.create(NameNode.java:628)
	at sun.reflect.GeneratedMethodAccessor3.invoke(Unknown Source)
	at sun.reflect.DelegatingMethodAccessorImpl.invoke(DelegatingMethodAccessorImpl.java:25)
	at java.lang.reflect.Method.invoke(Method.java:597)
	at org.apache.hadoop.ipc.RPC$Server.call(RPC.java:643)
	at org.apache.hadoop.ipc.Server$Handler$1.run(Server.java:1388)
	at org.apache.hadoop.ipc.Server$Handler$1.run(Server.java:1384)
	at java.security.AccessController.doPrivileged(Native Method)
	at javax.security.auth.Subject.doAs(Subject.java:396)
	at org.apache.hadoop.security.UserGroupInformation.doAs(UserGroupInformation.java:1121)
	at org.apache.hadoop.ipc.Server$Handler.run(Server.java:1382)

[xlog] 13-01-14 18:00:49 ERROR impl.HDFSAdapter: fail to recreate HDFSOutputstream,the exception is 
[xlog] 13-01-14 18:00:49 ERROR impl.HDFSAdapter: fail to get HDFSOutputStream,it can't store logdata to hdfs!
[xlog] 13-01-14 18:00:49 ERROR impl.HDFSAdapter: fail to create HDFSOutputstream,then reinitialize hdfs and recreate!the exception is org.apache.hadoop.hdfs.server.namenode.SafeModeException: Cannot create file/user/xianquanzhang/3g/game/test0/2013-01-14-18.x1. Name node is in safe mode.
The ratio of reported blocks 1.0000 has reached the threshold 0.9990. Safe mode will be turned off automatically in 16 seconds.
	at org.apache.hadoop.hdfs.server.namenode.FSNamesystem.startFileInternal(FSNamesystem.java:1220)
	at org.apache.hadoop.hdfs.server.namenode.FSNamesystem.startFile(FSNamesystem.java:1188)
	at org.apache.hadoop.hdfs.server.namenode.NameNode.create(NameNode.java:628)
	at sun.reflect.GeneratedMethodAccessor3.invoke(Unknown Source)
	at sun.reflect.DelegatingMethodAccessorImpl.invoke(DelegatingMethodAccessorImpl.java:25)
	at java.lang.reflect.Method.invoke(Method.java:597)
	at org.apache.hadoop.ipc.RPC$Server.call(RPC.java:643)
	at org.apache.hadoop.ipc.Server$Handler$1.run(Server.java:1388)
	at org.apache.hadoop.ipc.Server$Handler$1.run(Server.java:1384)
	at java.security.AccessController.doPrivileged(Native Method)
	at javax.security.auth.Subject.doAs(Subject.java:396)
	at org.apache.hadoop.security.UserGroupInformation.doAs(UserGroupInformation.java:1121)
	at org.apache.hadoop.ipc.Server$Handler.run(Server.java:1382)

[xlog] 13-01-14 18:00:50 ERROR impl.HDFSAdapter: fail to recreate HDFSOutputstream,the exception is 
[xlog] 13-01-14 18:00:50 ERROR impl.HDFSAdapter: fail to get HDFSOutputStream,it can't store logdata to hdfs!
[xlog] 13-01-14 18:00:50 ERROR impl.HDFSAdapter: fail to create HDFSOutputstream,then reinitialize hdfs and recreate!the exception is org.apache.hadoop.hdfs.server.namenode.SafeModeException: Cannot create file/user/xianquanzhang/3g/game/test0/2013-01-14-18.x1. Name node is in safe mode.
The ratio of reported blocks 1.0000 has reached the threshold 0.9990. Safe mode will be turned off automatically in 15 seconds.
	at org.apache.hadoop.hdfs.server.namenode.FSNamesystem.startFileInternal(FSNamesystem.java:1220)
	at org.apache.hadoop.hdfs.server.namenode.FSNamesystem.startFile(FSNamesystem.java:1188)
	at org.apache.hadoop.hdfs.server.namenode.NameNode.create(NameNode.java:628)
	at sun.reflect.GeneratedMethodAccessor3.invoke(Unknown Source)
	at sun.reflect.DelegatingMethodAccessorImpl.invoke(DelegatingMethodAccessorImpl.java:25)
	at java.lang.reflect.Method.invoke(Method.java:597)
	at org.apache.hadoop.ipc.RPC$Server.call(RPC.java:643)
	at org.apache.hadoop.ipc.Server$Handler$1.run(Server.java:1388)
	at org.apache.hadoop.ipc.Server$Handler$1.run(Server.java:1384)
	at java.security.AccessController.doPrivileged(Native Method)
	at javax.security.auth.Subject.doAs(Subject.java:396)
	at org.apache.hadoop.security.UserGroupInformation.doAs(UserGroupInformation.java:1121)
	at org.apache.hadoop.ipc.Server$Handler.run(Server.java:1382)

[xlog] 13-01-14 18:00:51 ERROR impl.HDFSAdapter: fail to recreate HDFSOutputstream,the exception is 
[xlog] 13-01-14 18:00:51 ERROR impl.HDFSAdapter: fail to get HDFSOutputStream,it can't store logdata to hdfs!
[xlog] 13-01-14 18:00:51 ERROR impl.HDFSAdapter: fail to create HDFSOutputstream,then reinitialize hdfs and recreate!the exception is org.apache.hadoop.hdfs.server.namenode.SafeModeException: Cannot create file/user/xianquanzhang/3g/game/test0/2013-01-14-18.x1. Name node is in safe mode.
The ratio of reported blocks 1.0000 has reached the threshold 0.9990. Safe mode will be turned off automatically in 14 seconds.
	at org.apache.hadoop.hdfs.server.namenode.FSNamesystem.startFileInternal(FSNamesystem.java:1220)
	at org.apache.hadoop.hdfs.server.namenode.FSNamesystem.startFile(FSNamesystem.java:1188)
	at org.apache.hadoop.hdfs.server.namenode.NameNode.create(NameNode.java:628)
	at sun.reflect.GeneratedMethodAccessor3.invoke(Unknown Source)
	at sun.reflect.DelegatingMethodAccessorImpl.invoke(DelegatingMethodAccessorImpl.java:25)
	at java.lang.reflect.Method.invoke(Method.java:597)
	at org.apache.hadoop.ipc.RPC$Server.call(RPC.java:643)
	at org.apache.hadoop.ipc.Server$Handler$1.run(Server.java:1388)
	at org.apache.hadoop.ipc.Server$Handler$1.run(Server.java:1384)
	at java.security.AccessController.doPrivileged(Native Method)
	at javax.security.auth.Subject.doAs(Subject.java:396)
	at org.apache.hadoop.security.UserGroupInformation.doAs(UserGroupInformation.java:1121)
	at org.apache.hadoop.ipc.Server$Handler.run(Server.java:1382)

[xlog] 13-01-14 18:00:51 ERROR impl.HDFSAdapter: fail to recreate HDFSOutputstream,the exception is 
[xlog] 13-01-14 18:00:51 ERROR impl.HDFSAdapter: fail to get HDFSOutputStream,it can't store logdata to hdfs!
[xlog] 13-01-14 18:00:51 ERROR impl.HDFSAdapter: fail to create HDFSOutputstream,then reinitialize hdfs and recreate!the exception is org.apache.hadoop.hdfs.server.namenode.SafeModeException: Cannot create file/user/xianquanzhang/3g/game/test0/2013-01-14-18.x1. Name node is in safe mode.
The ratio of reported blocks 1.0000 has reached the threshold 0.9990. Safe mode will be turned off automatically in 14 seconds.
	at org.apache.hadoop.hdfs.server.namenode.FSNamesystem.startFileInternal(FSNamesystem.java:1220)
	at org.apache.hadoop.hdfs.server.namenode.FSNamesystem.startFile(FSNamesystem.java:1188)
	at org.apache.hadoop.hdfs.server.namenode.NameNode.create(NameNode.java:628)
	at sun.reflect.GeneratedMethodAccessor3.invoke(Unknown Source)
	at sun.reflect.DelegatingMethodAccessorImpl.invoke(DelegatingMethodAccessorImpl.java:25)
	at java.lang.reflect.Method.invoke(Method.java:597)
	at org.apache.hadoop.ipc.RPC$Server.call(RPC.java:643)
	at org.apache.hadoop.ipc.Server$Handler$1.run(Server.java:1388)
	at org.apache.hadoop.ipc.Server$Handler$1.run(Server.java:1384)
	at java.security.AccessController.doPrivileged(Native Method)
	at javax.security.auth.Subject.doAs(Subject.java:396)
	at org.apache.hadoop.security.UserGroupInformation.doAs(UserGroupInformation.java:1121)
	at org.apache.hadoop.ipc.Server$Handler.run(Server.java:1382)

[xlog] 13-01-14 18:00:52 ERROR impl.HDFSAdapter: fail to recreate HDFSOutputstream,the exception is 
[xlog] 13-01-14 18:00:52 ERROR impl.HDFSAdapter: fail to get HDFSOutputStream,it can't store logdata to hdfs!
[xlog] 13-01-14 18:00:52 ERROR impl.HDFSAdapter: fail to create HDFSOutputstream,then reinitialize hdfs and recreate!the exception is org.apache.hadoop.hdfs.server.namenode.SafeModeException: Cannot create file/user/xianquanzhang/3g/game/test0/2013-01-14-18.x1. Name node is in safe mode.
The ratio of reported blocks 1.0000 has reached the threshold 0.9990. Safe mode will be turned off automatically in 13 seconds.
	at org.apache.hadoop.hdfs.server.namenode.FSNamesystem.startFileInternal(FSNamesystem.java:1220)
	at org.apache.hadoop.hdfs.server.namenode.FSNamesystem.startFile(FSNamesystem.java:1188)
	at org.apache.hadoop.hdfs.server.namenode.NameNode.create(NameNode.java:628)
	at sun.reflect.GeneratedMethodAccessor3.invoke(Unknown Source)
	at sun.reflect.DelegatingMethodAccessorImpl.invoke(DelegatingMethodAccessorImpl.java:25)
	at java.lang.reflect.Method.invoke(Method.java:597)
	at org.apache.hadoop.ipc.RPC$Server.call(RPC.java:643)
	at org.apache.hadoop.ipc.Server$Handler$1.run(Server.java:1388)
	at org.apache.hadoop.ipc.Server$Handler$1.run(Server.java:1384)
	at java.security.AccessController.doPrivileged(Native Method)
	at javax.security.auth.Subject.doAs(Subject.java:396)
	at org.apache.hadoop.security.UserGroupInformation.doAs(UserGroupInformation.java:1121)
	at org.apache.hadoop.ipc.Server$Handler.run(Server.java:1382)

[xlog] 13-01-14 18:00:52 ERROR impl.HDFSAdapter: fail to recreate HDFSOutputstream,the exception is 
[xlog] 13-01-14 18:00:52 ERROR impl.HDFSAdapter: fail to get HDFSOutputStream,it can't store logdata to hdfs!
[xlog] 13-01-14 18:00:52 ERROR impl.HDFSAdapter: fail to create HDFSOutputstream,then reinitialize hdfs and recreate!the exception is org.apache.hadoop.hdfs.server.namenode.SafeModeException: Cannot create file/user/xianquanzhang/3g/game/test0/2013-01-14-18.x1. Name node is in safe mode.
The ratio of reported blocks 1.0000 has reached the threshold 0.9990. Safe mode will be turned off automatically in 13 seconds.
	at org.apache.hadoop.hdfs.server.namenode.FSNamesystem.startFileInternal(FSNamesystem.java:1220)
	at org.apache.hadoop.hdfs.server.namenode.FSNamesystem.startFile(FSNamesystem.java:1188)
	at org.apache.hadoop.hdfs.server.namenode.NameNode.create(NameNode.java:628)
	at sun.reflect.GeneratedMethodAccessor3.invoke(Unknown Source)
	at sun.reflect.DelegatingMethodAccessorImpl.invoke(DelegatingMethodAccessorImpl.java:25)
	at java.lang.reflect.Method.invoke(Method.java:597)
	at org.apache.hadoop.ipc.RPC$Server.call(RPC.java:643)
	at org.apache.hadoop.ipc.Server$Handler$1.run(Server.java:1388)
	at org.apache.hadoop.ipc.Server$Handler$1.run(Server.java:1384)
	at java.security.AccessController.doPrivileged(Native Method)
	at javax.security.auth.Subject.doAs(Subject.java:396)
	at org.apache.hadoop.security.UserGroupInformation.doAs(UserGroupInformation.java:1121)
	at org.apache.hadoop.ipc.Server$Handler.run(Server.java:1382)

[xlog] 13-01-14 18:00:53 ERROR impl.HDFSAdapter: fail to recreate HDFSOutputstream,the exception is 
[xlog] 13-01-14 18:00:53 ERROR impl.HDFSAdapter: fail to get HDFSOutputStream,it can't store logdata to hdfs!
[xlog] 13-01-14 18:00:53 ERROR impl.HDFSAdapter: fail to create HDFSOutputstream,then reinitialize hdfs and recreate!the exception is org.apache.hadoop.hdfs.server.namenode.SafeModeException: Cannot create file/user/xianquanzhang/3g/game/test0/2013-01-14-18.x1. Name node is in safe mode.
The ratio of reported blocks 1.0000 has reached the threshold 0.9990. Safe mode will be turned off automatically in 12 seconds.
	at org.apache.hadoop.hdfs.server.namenode.FSNamesystem.startFileInternal(FSNamesystem.java:1220)
	at org.apache.hadoop.hdfs.server.namenode.FSNamesystem.startFile(FSNamesystem.java:1188)
	at org.apache.hadoop.hdfs.server.namenode.NameNode.create(NameNode.java:628)
	at sun.reflect.GeneratedMethodAccessor3.invoke(Unknown Source)
	at sun.reflect.DelegatingMethodAccessorImpl.invoke(DelegatingMethodAccessorImpl.java:25)
	at java.lang.reflect.Method.invoke(Method.java:597)
	at org.apache.hadoop.ipc.RPC$Server.call(RPC.java:643)
	at org.apache.hadoop.ipc.Server$Handler$1.run(Server.java:1388)
	at org.apache.hadoop.ipc.Server$Handler$1.run(Server.java:1384)
	at java.security.AccessController.doPrivileged(Native Method)
	at javax.security.auth.Subject.doAs(Subject.java:396)
	at org.apache.hadoop.security.UserGroupInformation.doAs(UserGroupInformation.java:1121)
	at org.apache.hadoop.ipc.Server$Handler.run(Server.java:1382)

[xlog] 13-01-14 18:00:54 ERROR impl.HDFSAdapter: fail to recreate HDFSOutputstream,the exception is 
[xlog] 13-01-14 18:00:54 ERROR impl.HDFSAdapter: fail to get HDFSOutputStream,it can't store logdata to hdfs!
[xlog] 13-01-14 18:00:54 ERROR impl.HDFSAdapter: fail to create HDFSOutputstream,then reinitialize hdfs and recreate!the exception is org.apache.hadoop.hdfs.server.namenode.SafeModeException: Cannot create file/user/xianquanzhang/3g/game/test0/2013-01-14-18.x1. Name node is in safe mode.
The ratio of reported blocks 1.0000 has reached the threshold 0.9990. Safe mode will be turned off automatically in 11 seconds.
	at org.apache.hadoop.hdfs.server.namenode.FSNamesystem.startFileInternal(FSNamesystem.java:1220)
	at org.apache.hadoop.hdfs.server.namenode.FSNamesystem.startFile(FSNamesystem.java:1188)
	at org.apache.hadoop.hdfs.server.namenode.NameNode.create(NameNode.java:628)
	at sun.reflect.GeneratedMethodAccessor3.invoke(Unknown Source)
	at sun.reflect.DelegatingMethodAccessorImpl.invoke(DelegatingMethodAccessorImpl.java:25)
	at java.lang.reflect.Method.invoke(Method.java:597)
	at org.apache.hadoop.ipc.RPC$Server.call(RPC.java:643)
	at org.apache.hadoop.ipc.Server$Handler$1.run(Server.java:1388)
	at org.apache.hadoop.ipc.Server$Handler$1.run(Server.java:1384)
	at java.security.AccessController.doPrivileged(Native Method)
	at javax.security.auth.Subject.doAs(Subject.java:396)
	at org.apache.hadoop.security.UserGroupInformation.doAs(UserGroupInformation.java:1121)
	at org.apache.hadoop.ipc.Server$Handler.run(Server.java:1382)

[xlog] 13-01-14 18:00:54 ERROR impl.HDFSAdapter: fail to recreate HDFSOutputstream,the exception is 
[xlog] 13-01-14 18:00:54 ERROR impl.HDFSAdapter: fail to get HDFSOutputStream,it can't store logdata to hdfs!
[xlog] 13-01-14 18:00:54 ERROR impl.HDFSAdapter: fail to create HDFSOutputstream,then reinitialize hdfs and recreate!the exception is org.apache.hadoop.hdfs.server.namenode.SafeModeException: Cannot create file/user/xianquanzhang/3g/game/test0/2013-01-14-18.x1. Name node is in safe mode.
The ratio of reported blocks 1.0000 has reached the threshold 0.9990. Safe mode will be turned off automatically in 11 seconds.
	at org.apache.hadoop.hdfs.server.namenode.FSNamesystem.startFileInternal(FSNamesystem.java:1220)
	at org.apache.hadoop.hdfs.server.namenode.FSNamesystem.startFile(FSNamesystem.java:1188)
	at org.apache.hadoop.hdfs.server.namenode.NameNode.create(NameNode.java:628)
	at sun.reflect.GeneratedMethodAccessor3.invoke(Unknown Source)
	at sun.reflect.DelegatingMethodAccessorImpl.invoke(DelegatingMethodAccessorImpl.java:25)
	at java.lang.reflect.Method.invoke(Method.java:597)
	at org.apache.hadoop.ipc.RPC$Server.call(RPC.java:643)
	at org.apache.hadoop.ipc.Server$Handler$1.run(Server.java:1388)
	at org.apache.hadoop.ipc.Server$Handler$1.run(Server.java:1384)
	at java.security.AccessController.doPrivileged(Native Method)
	at javax.security.auth.Subject.doAs(Subject.java:396)
	at org.apache.hadoop.security.UserGroupInformation.doAs(UserGroupInformation.java:1121)
	at org.apache.hadoop.ipc.Server$Handler.run(Server.java:1382)

[xlog] 13-01-14 18:00:55 ERROR impl.HDFSAdapter: fail to recreate HDFSOutputstream,the exception is 
[xlog] 13-01-14 18:00:55 ERROR impl.HDFSAdapter: fail to get HDFSOutputStream,it can't store logdata to hdfs!
[xlog] 13-01-14 18:00:55 ERROR impl.HDFSAdapter: fail to create HDFSOutputstream,then reinitialize hdfs and recreate!the exception is org.apache.hadoop.hdfs.server.namenode.SafeModeException: Cannot create file/user/xianquanzhang/3g/game/test0/2013-01-14-18.x1. Name node is in safe mode.
The ratio of reported blocks 1.0000 has reached the threshold 0.9990. Safe mode will be turned off automatically in 10 seconds.
	at org.apache.hadoop.hdfs.server.namenode.FSNamesystem.startFileInternal(FSNamesystem.java:1220)
	at org.apache.hadoop.hdfs.server.namenode.FSNamesystem.startFile(FSNamesystem.java:1188)
	at org.apache.hadoop.hdfs.server.namenode.NameNode.create(NameNode.java:628)
	at sun.reflect.GeneratedMethodAccessor3.invoke(Unknown Source)
	at sun.reflect.DelegatingMethodAccessorImpl.invoke(DelegatingMethodAccessorImpl.java:25)
	at java.lang.reflect.Method.invoke(Method.java:597)
	at org.apache.hadoop.ipc.RPC$Server.call(RPC.java:643)
	at org.apache.hadoop.ipc.Server$Handler$1.run(Server.java:1388)
	at org.apache.hadoop.ipc.Server$Handler$1.run(Server.java:1384)
	at java.security.AccessController.doPrivileged(Native Method)
	at javax.security.auth.Subject.doAs(Subject.java:396)
	at org.apache.hadoop.security.UserGroupInformation.doAs(UserGroupInformation.java:1121)
	at org.apache.hadoop.ipc.Server$Handler.run(Server.java:1382)

[xlog] 13-01-14 18:00:55 ERROR impl.HDFSAdapter: fail to recreate HDFSOutputstream,the exception is 
[xlog] 13-01-14 18:00:55 ERROR impl.HDFSAdapter: fail to get HDFSOutputStream,it can't store logdata to hdfs!
[xlog] 13-01-14 18:00:55 ERROR impl.HDFSAdapter: fail to create HDFSOutputstream,then reinitialize hdfs and recreate!the exception is org.apache.hadoop.hdfs.server.namenode.SafeModeException: Cannot create file/user/xianquanzhang/3g/game/test0/2013-01-14-18.x1. Name node is in safe mode.
The ratio of reported blocks 1.0000 has reached the threshold 0.9990. Safe mode will be turned off automatically in 10 seconds.
	at org.apache.hadoop.hdfs.server.namenode.FSNamesystem.startFileInternal(FSNamesystem.java:1220)
	at org.apache.hadoop.hdfs.server.namenode.FSNamesystem.startFile(FSNamesystem.java:1188)
	at org.apache.hadoop.hdfs.server.namenode.NameNode.create(NameNode.java:628)
	at sun.reflect.GeneratedMethodAccessor3.invoke(Unknown Source)
	at sun.reflect.DelegatingMethodAccessorImpl.invoke(DelegatingMethodAccessorImpl.java:25)
	at java.lang.reflect.Method.invoke(Method.java:597)
	at org.apache.hadoop.ipc.RPC$Server.call(RPC.java:643)
	at org.apache.hadoop.ipc.Server$Handler$1.run(Server.java:1388)
	at org.apache.hadoop.ipc.Server$Handler$1.run(Server.java:1384)
	at java.security.AccessController.doPrivileged(Native Method)
	at javax.security.auth.Subject.doAs(Subject.java:396)
	at org.apache.hadoop.security.UserGroupInformation.doAs(UserGroupInformation.java:1121)
	at org.apache.hadoop.ipc.Server$Handler.run(Server.java:1382)

[xlog] 13-01-14 18:00:56 ERROR impl.HDFSAdapter: fail to recreate HDFSOutputstream,the exception is 
[xlog] 13-01-14 18:00:56 ERROR impl.HDFSAdapter: fail to get HDFSOutputStream,it can't store logdata to hdfs!
[xlog] 13-01-14 18:00:56 ERROR impl.HDFSAdapter: fail to create HDFSOutputstream,then reinitialize hdfs and recreate!the exception is org.apache.hadoop.hdfs.server.namenode.SafeModeException: Cannot create file/user/xianquanzhang/3g/game/test0/2013-01-14-18.x1. Name node is in safe mode.
The ratio of reported blocks 1.0000 has reached the threshold 0.9990. Safe mode will be turned off automatically in 9 seconds.
	at org.apache.hadoop.hdfs.server.namenode.FSNamesystem.startFileInternal(FSNamesystem.java:1220)
	at org.apache.hadoop.hdfs.server.namenode.FSNamesystem.startFile(FSNamesystem.java:1188)
	at org.apache.hadoop.hdfs.server.namenode.NameNode.create(NameNode.java:628)
	at sun.reflect.GeneratedMethodAccessor3.invoke(Unknown Source)
	at sun.reflect.DelegatingMethodAccessorImpl.invoke(DelegatingMethodAccessorImpl.java:25)
	at java.lang.reflect.Method.invoke(Method.java:597)
	at org.apache.hadoop.ipc.RPC$Server.call(RPC.java:643)
	at org.apache.hadoop.ipc.Server$Handler$1.run(Server.java:1388)
	at org.apache.hadoop.ipc.Server$Handler$1.run(Server.java:1384)
	at java.security.AccessController.doPrivileged(Native Method)
	at javax.security.auth.Subject.doAs(Subject.java:396)
	at org.apache.hadoop.security.UserGroupInformation.doAs(UserGroupInformation.java:1121)
	at org.apache.hadoop.ipc.Server$Handler.run(Server.java:1382)

[xlog] 13-01-14 18:00:57 ERROR impl.HDFSAdapter: fail to recreate HDFSOutputstream,the exception is 
[xlog] 13-01-14 18:00:57 ERROR impl.HDFSAdapter: fail to get HDFSOutputStream,it can't store logdata to hdfs!
[xlog] 13-01-14 18:00:57 ERROR impl.HDFSAdapter: fail to create HDFSOutputstream,then reinitialize hdfs and recreate!the exception is org.apache.hadoop.hdfs.server.namenode.SafeModeException: Cannot create file/user/xianquanzhang/3g/game/test0/2013-01-14-18.x1. Name node is in safe mode.
The ratio of reported blocks 1.0000 has reached the threshold 0.9990. Safe mode will be turned off automatically in 8 seconds.
	at org.apache.hadoop.hdfs.server.namenode.FSNamesystem.startFileInternal(FSNamesystem.java:1220)
	at org.apache.hadoop.hdfs.server.namenode.FSNamesystem.startFile(FSNamesystem.java:1188)
	at org.apache.hadoop.hdfs.server.namenode.NameNode.create(NameNode.java:628)
	at sun.reflect.GeneratedMethodAccessor3.invoke(Unknown Source)
	at sun.reflect.DelegatingMethodAccessorImpl.invoke(DelegatingMethodAccessorImpl.java:25)
	at java.lang.reflect.Method.invoke(Method.java:597)
	at org.apache.hadoop.ipc.RPC$Server.call(RPC.java:643)
	at org.apache.hadoop.ipc.Server$Handler$1.run(Server.java:1388)
	at org.apache.hadoop.ipc.Server$Handler$1.run(Server.java:1384)
	at java.security.AccessController.doPrivileged(Native Method)
	at javax.security.auth.Subject.doAs(Subject.java:396)
	at org.apache.hadoop.security.UserGroupInformation.doAs(UserGroupInformation.java:1121)
	at org.apache.hadoop.ipc.Server$Handler.run(Server.java:1382)

[xlog] 13-01-14 18:00:57 ERROR impl.HDFSAdapter: fail to recreate HDFSOutputstream,the exception is 
[xlog] 13-01-14 18:00:57 ERROR impl.HDFSAdapter: fail to get HDFSOutputStream,it can't store logdata to hdfs!
[xlog] 13-01-14 18:00:57 ERROR impl.HDFSAdapter: fail to create HDFSOutputstream,then reinitialize hdfs and recreate!the exception is org.apache.hadoop.hdfs.server.namenode.SafeModeException: Cannot create file/user/xianquanzhang/3g/game/test0/2013-01-14-18.x1. Name node is in safe mode.
The ratio of reported blocks 1.0000 has reached the threshold 0.9990. Safe mode will be turned off automatically in 8 seconds.
	at org.apache.hadoop.hdfs.server.namenode.FSNamesystem.startFileInternal(FSNamesystem.java:1220)
	at org.apache.hadoop.hdfs.server.namenode.FSNamesystem.startFile(FSNamesystem.java:1188)
	at org.apache.hadoop.hdfs.server.namenode.NameNode.create(NameNode.java:628)
	at sun.reflect.GeneratedMethodAccessor3.invoke(Unknown Source)
	at sun.reflect.DelegatingMethodAccessorImpl.invoke(DelegatingMethodAccessorImpl.java:25)
	at java.lang.reflect.Method.invoke(Method.java:597)
	at org.apache.hadoop.ipc.RPC$Server.call(RPC.java:643)
	at org.apache.hadoop.ipc.Server$Handler$1.run(Server.java:1388)
	at org.apache.hadoop.ipc.Server$Handler$1.run(Server.java:1384)
	at java.security.AccessController.doPrivileged(Native Method)
	at javax.security.auth.Subject.doAs(Subject.java:396)
	at org.apache.hadoop.security.UserGroupInformation.doAs(UserGroupInformation.java:1121)
	at org.apache.hadoop.ipc.Server$Handler.run(Server.java:1382)

[xlog] 13-01-14 18:00:58 ERROR impl.HDFSAdapter: fail to recreate HDFSOutputstream,the exception is 
[xlog] 13-01-14 18:00:58 ERROR impl.HDFSAdapter: fail to get HDFSOutputStream,it can't store logdata to hdfs!
[xlog] 13-01-14 18:00:58 ERROR impl.HDFSAdapter: fail to create HDFSOutputstream,then reinitialize hdfs and recreate!the exception is org.apache.hadoop.hdfs.server.namenode.SafeModeException: Cannot create file/user/xianquanzhang/3g/game/test0/2013-01-14-18.x1. Name node is in safe mode.
The ratio of reported blocks 1.0000 has reached the threshold 0.9990. Safe mode will be turned off automatically in 7 seconds.
	at org.apache.hadoop.hdfs.server.namenode.FSNamesystem.startFileInternal(FSNamesystem.java:1220)
	at org.apache.hadoop.hdfs.server.namenode.FSNamesystem.startFile(FSNamesystem.java:1188)
	at org.apache.hadoop.hdfs.server.namenode.NameNode.create(NameNode.java:628)
	at sun.reflect.GeneratedMethodAccessor3.invoke(Unknown Source)
	at sun.reflect.DelegatingMethodAccessorImpl.invoke(DelegatingMethodAccessorImpl.java:25)
	at java.lang.reflect.Method.invoke(Method.java:597)
	at org.apache.hadoop.ipc.RPC$Server.call(RPC.java:643)
	at org.apache.hadoop.ipc.Server$Handler$1.run(Server.java:1388)
	at org.apache.hadoop.ipc.Server$Handler$1.run(Server.java:1384)
	at java.security.AccessController.doPrivileged(Native Method)
	at javax.security.auth.Subject.doAs(Subject.java:396)
	at org.apache.hadoop.security.UserGroupInformation.doAs(UserGroupInformation.java:1121)
	at org.apache.hadoop.ipc.Server$Handler.run(Server.java:1382)

[xlog] 13-01-14 18:00:59 ERROR impl.HDFSAdapter: fail to recreate HDFSOutputstream,the exception is 
[xlog] 13-01-14 18:00:59 ERROR impl.HDFSAdapter: fail to get HDFSOutputStream,it can't store logdata to hdfs!
[xlog] 13-01-14 18:00:59 ERROR impl.HDFSAdapter: fail to create HDFSOutputstream,then reinitialize hdfs and recreate!the exception is org.apache.hadoop.hdfs.server.namenode.SafeModeException: Cannot create file/user/xianquanzhang/3g/game/test0/2013-01-14-18.x1. Name node is in safe mode.
The ratio of reported blocks 1.0000 has reached the threshold 0.9990. Safe mode will be turned off automatically in 6 seconds.
	at org.apache.hadoop.hdfs.server.namenode.FSNamesystem.startFileInternal(FSNamesystem.java:1220)
	at org.apache.hadoop.hdfs.server.namenode.FSNamesystem.startFile(FSNamesystem.java:1188)
	at org.apache.hadoop.hdfs.server.namenode.NameNode.create(NameNode.java:628)
	at sun.reflect.GeneratedMethodAccessor3.invoke(Unknown Source)
	at sun.reflect.DelegatingMethodAccessorImpl.invoke(DelegatingMethodAccessorImpl.java:25)
	at java.lang.reflect.Method.invoke(Method.java:597)
	at org.apache.hadoop.ipc.RPC$Server.call(RPC.java:643)
	at org.apache.hadoop.ipc.Server$Handler$1.run(Server.java:1388)
	at org.apache.hadoop.ipc.Server$Handler$1.run(Server.java:1384)
	at java.security.AccessController.doPrivileged(Native Method)
	at javax.security.auth.Subject.doAs(Subject.java:396)
	at org.apache.hadoop.security.UserGroupInformation.doAs(UserGroupInformation.java:1121)
	at org.apache.hadoop.ipc.Server$Handler.run(Server.java:1382)

[xlog] 13-01-14 18:00:59 ERROR impl.HDFSAdapter: fail to recreate HDFSOutputstream,the exception is 
[xlog] 13-01-14 18:00:59 ERROR impl.HDFSAdapter: fail to get HDFSOutputStream,it can't store logdata to hdfs!
[xlog] 13-01-14 18:00:59 ERROR impl.HDFSAdapter: fail to create HDFSOutputstream,then reinitialize hdfs and recreate!the exception is org.apache.hadoop.hdfs.server.namenode.SafeModeException: Cannot create file/user/xianquanzhang/3g/game/test0/2013-01-14-18.x1. Name node is in safe mode.
The ratio of reported blocks 1.0000 has reached the threshold 0.9990. Safe mode will be turned off automatically in 6 seconds.
	at org.apache.hadoop.hdfs.server.namenode.FSNamesystem.startFileInternal(FSNamesystem.java:1220)
	at org.apache.hadoop.hdfs.server.namenode.FSNamesystem.startFile(FSNamesystem.java:1188)
	at org.apache.hadoop.hdfs.server.namenode.NameNode.create(NameNode.java:628)
	at sun.reflect.GeneratedMethodAccessor3.invoke(Unknown Source)
	at sun.reflect.DelegatingMethodAccessorImpl.invoke(DelegatingMethodAccessorImpl.java:25)
	at java.lang.reflect.Method.invoke(Method.java:597)
	at org.apache.hadoop.ipc.RPC$Server.call(RPC.java:643)
	at org.apache.hadoop.ipc.Server$Handler$1.run(Server.java:1388)
	at org.apache.hadoop.ipc.Server$Handler$1.run(Server.java:1384)
	at java.security.AccessController.doPrivileged(Native Method)
	at javax.security.auth.Subject.doAs(Subject.java:396)
	at org.apache.hadoop.security.UserGroupInformation.doAs(UserGroupInformation.java:1121)
	at org.apache.hadoop.ipc.Server$Handler.run(Server.java:1382)

[xlog] 13-01-14 18:01:00 ERROR impl.HDFSAdapter: fail to recreate HDFSOutputstream,the exception is 
[xlog] 13-01-14 18:01:00 ERROR impl.HDFSAdapter: fail to get HDFSOutputStream,it can't store logdata to hdfs!
[xlog] 13-01-14 18:01:00 ERROR impl.HDFSAdapter: fail to create HDFSOutputstream,then reinitialize hdfs and recreate!the exception is org.apache.hadoop.hdfs.server.namenode.SafeModeException: Cannot create file/user/xianquanzhang/3g/game/test0/2013-01-14-18.x1. Name node is in safe mode.
The ratio of reported blocks 1.0000 has reached the threshold 0.9990. Safe mode will be turned off automatically in 5 seconds.
	at org.apache.hadoop.hdfs.server.namenode.FSNamesystem.startFileInternal(FSNamesystem.java:1220)
	at org.apache.hadoop.hdfs.server.namenode.FSNamesystem.startFile(FSNamesystem.java:1188)
	at org.apache.hadoop.hdfs.server.namenode.NameNode.create(NameNode.java:628)
	at sun.reflect.GeneratedMethodAccessor3.invoke(Unknown Source)
	at sun.reflect.DelegatingMethodAccessorImpl.invoke(DelegatingMethodAccessorImpl.java:25)
	at java.lang.reflect.Method.invoke(Method.java:597)
	at org.apache.hadoop.ipc.RPC$Server.call(RPC.java:643)
	at org.apache.hadoop.ipc.Server$Handler$1.run(Server.java:1388)
	at org.apache.hadoop.ipc.Server$Handler$1.run(Server.java:1384)
	at java.security.AccessController.doPrivileged(Native Method)
	at javax.security.auth.Subject.doAs(Subject.java:396)
	at org.apache.hadoop.security.UserGroupInformation.doAs(UserGroupInformation.java:1121)
	at org.apache.hadoop.ipc.Server$Handler.run(Server.java:1382)

[xlog] 13-01-14 18:01:00 ERROR impl.HDFSAdapter: fail to recreate HDFSOutputstream,the exception is 
[xlog] 13-01-14 18:01:00 ERROR impl.HDFSAdapter: fail to get HDFSOutputStream,it can't store logdata to hdfs!
[xlog] 13-01-14 18:01:00 ERROR impl.HDFSAdapter: fail to create HDFSOutputstream,then reinitialize hdfs and recreate!the exception is org.apache.hadoop.hdfs.server.namenode.SafeModeException: Cannot create file/user/xianquanzhang/3g/game/test0/2013-01-14-18.x1. Name node is in safe mode.
The ratio of reported blocks 1.0000 has reached the threshold 0.9990. Safe mode will be turned off automatically in 5 seconds.
	at org.apache.hadoop.hdfs.server.namenode.FSNamesystem.startFileInternal(FSNamesystem.java:1220)
	at org.apache.hadoop.hdfs.server.namenode.FSNamesystem.startFile(FSNamesystem.java:1188)
	at org.apache.hadoop.hdfs.server.namenode.NameNode.create(NameNode.java:628)
	at sun.reflect.GeneratedMethodAccessor3.invoke(Unknown Source)
	at sun.reflect.DelegatingMethodAccessorImpl.invoke(DelegatingMethodAccessorImpl.java:25)
	at java.lang.reflect.Method.invoke(Method.java:597)
	at org.apache.hadoop.ipc.RPC$Server.call(RPC.java:643)
	at org.apache.hadoop.ipc.Server$Handler$1.run(Server.java:1388)
	at org.apache.hadoop.ipc.Server$Handler$1.run(Server.java:1384)
	at java.security.AccessController.doPrivileged(Native Method)
	at javax.security.auth.Subject.doAs(Subject.java:396)
	at org.apache.hadoop.security.UserGroupInformation.doAs(UserGroupInformation.java:1121)
	at org.apache.hadoop.ipc.Server$Handler.run(Server.java:1382)

[xlog] 13-01-14 18:01:01 ERROR impl.HDFSAdapter: fail to recreate HDFSOutputstream,the exception is 
[xlog] 13-01-14 18:01:01 ERROR impl.HDFSAdapter: fail to get HDFSOutputStream,it can't store logdata to hdfs!
[xlog] 13-01-14 18:01:01 ERROR impl.HDFSAdapter: fail to create HDFSOutputstream,then reinitialize hdfs and recreate!the exception is org.apache.hadoop.hdfs.server.namenode.SafeModeException: Cannot create file/user/xianquanzhang/3g/game/test0/2013-01-14-18.x1. Name node is in safe mode.
The ratio of reported blocks 1.0000 has reached the threshold 0.9990. Safe mode will be turned off automatically in 4 seconds.
	at org.apache.hadoop.hdfs.server.namenode.FSNamesystem.startFileInternal(FSNamesystem.java:1220)
	at org.apache.hadoop.hdfs.server.namenode.FSNamesystem.startFile(FSNamesystem.java:1188)
	at org.apache.hadoop.hdfs.server.namenode.NameNode.create(NameNode.java:628)
	at sun.reflect.GeneratedMethodAccessor3.invoke(Unknown Source)
	at sun.reflect.DelegatingMethodAccessorImpl.invoke(DelegatingMethodAccessorImpl.java:25)
	at java.lang.reflect.Method.invoke(Method.java:597)
	at org.apache.hadoop.ipc.RPC$Server.call(RPC.java:643)
	at org.apache.hadoop.ipc.Server$Handler$1.run(Server.java:1388)
	at org.apache.hadoop.ipc.Server$Handler$1.run(Server.java:1384)
	at java.security.AccessController.doPrivileged(Native Method)
	at javax.security.auth.Subject.doAs(Subject.java:396)
	at org.apache.hadoop.security.UserGroupInformation.doAs(UserGroupInformation.java:1121)
	at org.apache.hadoop.ipc.Server$Handler.run(Server.java:1382)

[xlog] 13-01-14 18:01:02 ERROR impl.HDFSAdapter: fail to recreate HDFSOutputstream,the exception is 
[xlog] 13-01-14 18:01:02 ERROR impl.HDFSAdapter: fail to get HDFSOutputStream,it can't store logdata to hdfs!
[xlog] 13-01-14 18:01:02 ERROR impl.HDFSAdapter: fail to create HDFSOutputstream,then reinitialize hdfs and recreate!the exception is org.apache.hadoop.hdfs.server.namenode.SafeModeException: Cannot create file/user/xianquanzhang/3g/game/test0/2013-01-14-18.x1. Name node is in safe mode.
The ratio of reported blocks 1.0000 has reached the threshold 0.9990. Safe mode will be turned off automatically in 3 seconds.
	at org.apache.hadoop.hdfs.server.namenode.FSNamesystem.startFileInternal(FSNamesystem.java:1220)
	at org.apache.hadoop.hdfs.server.namenode.FSNamesystem.startFile(FSNamesystem.java:1188)
	at org.apache.hadoop.hdfs.server.namenode.NameNode.create(NameNode.java:628)
	at sun.reflect.GeneratedMethodAccessor3.invoke(Unknown Source)
	at sun.reflect.DelegatingMethodAccessorImpl.invoke(DelegatingMethodAccessorImpl.java:25)
	at java.lang.reflect.Method.invoke(Method.java:597)
	at org.apache.hadoop.ipc.RPC$Server.call(RPC.java:643)
	at org.apache.hadoop.ipc.Server$Handler$1.run(Server.java:1388)
	at org.apache.hadoop.ipc.Server$Handler$1.run(Server.java:1384)
	at java.security.AccessController.doPrivileged(Native Method)
	at javax.security.auth.Subject.doAs(Subject.java:396)
	at org.apache.hadoop.security.UserGroupInformation.doAs(UserGroupInformation.java:1121)
	at org.apache.hadoop.ipc.Server$Handler.run(Server.java:1382)

[xlog] 13-01-14 18:01:02 ERROR impl.HDFSAdapter: fail to recreate HDFSOutputstream,the exception is 
[xlog] 13-01-14 18:01:02 ERROR impl.HDFSAdapter: fail to get HDFSOutputStream,it can't store logdata to hdfs!
[xlog] 13-01-14 18:01:02 ERROR impl.HDFSAdapter: fail to create HDFSOutputstream,then reinitialize hdfs and recreate!the exception is org.apache.hadoop.hdfs.server.namenode.SafeModeException: Cannot create file/user/xianquanzhang/3g/game/test0/2013-01-14-18.x1. Name node is in safe mode.
The ratio of reported blocks 1.0000 has reached the threshold 0.9990. Safe mode will be turned off automatically in 3 seconds.
	at org.apache.hadoop.hdfs.server.namenode.FSNamesystem.startFileInternal(FSNamesystem.java:1220)
	at org.apache.hadoop.hdfs.server.namenode.FSNamesystem.startFile(FSNamesystem.java:1188)
	at org.apache.hadoop.hdfs.server.namenode.NameNode.create(NameNode.java:628)
	at sun.reflect.GeneratedMethodAccessor3.invoke(Unknown Source)
	at sun.reflect.DelegatingMethodAccessorImpl.invoke(DelegatingMethodAccessorImpl.java:25)
	at java.lang.reflect.Method.invoke(Method.java:597)
	at org.apache.hadoop.ipc.RPC$Server.call(RPC.java:643)
	at org.apache.hadoop.ipc.Server$Handler$1.run(Server.java:1388)
	at org.apache.hadoop.ipc.Server$Handler$1.run(Server.java:1384)
	at java.security.AccessController.doPrivileged(Native Method)
	at javax.security.auth.Subject.doAs(Subject.java:396)
	at org.apache.hadoop.security.UserGroupInformation.doAs(UserGroupInformation.java:1121)
	at org.apache.hadoop.ipc.Server$Handler.run(Server.java:1382)

[xlog] 13-01-14 18:01:03 ERROR impl.HDFSAdapter: fail to recreate HDFSOutputstream,the exception is 
[xlog] 13-01-14 18:01:03 ERROR impl.HDFSAdapter: fail to get HDFSOutputStream,it can't store logdata to hdfs!
[xlog] 13-01-14 18:01:03 ERROR impl.HDFSAdapter: fail to create HDFSOutputstream,then reinitialize hdfs and recreate!the exception is org.apache.hadoop.hdfs.server.namenode.SafeModeException: Cannot create file/user/xianquanzhang/3g/game/test0/2013-01-14-18.x1. Name node is in safe mode.
The ratio of reported blocks 1.0000 has reached the threshold 0.9990. Safe mode will be turned off automatically in 2 seconds.
	at org.apache.hadoop.hdfs.server.namenode.FSNamesystem.startFileInternal(FSNamesystem.java:1220)
	at org.apache.hadoop.hdfs.server.namenode.FSNamesystem.startFile(FSNamesystem.java:1188)
	at org.apache.hadoop.hdfs.server.namenode.NameNode.create(NameNode.java:628)
	at sun.reflect.GeneratedMethodAccessor3.invoke(Unknown Source)
	at sun.reflect.DelegatingMethodAccessorImpl.invoke(DelegatingMethodAccessorImpl.java:25)
	at java.lang.reflect.Method.invoke(Method.java:597)
	at org.apache.hadoop.ipc.RPC$Server.call(RPC.java:643)
	at org.apache.hadoop.ipc.Server$Handler$1.run(Server.java:1388)
	at org.apache.hadoop.ipc.Server$Handler$1.run(Server.java:1384)
	at java.security.AccessController.doPrivileged(Native Method)
	at javax.security.auth.Subject.doAs(Subject.java:396)
	at org.apache.hadoop.security.UserGroupInformation.doAs(UserGroupInformation.java:1121)
	at org.apache.hadoop.ipc.Server$Handler.run(Server.java:1382)

[xlog] 13-01-14 18:01:03 ERROR impl.HDFSAdapter: fail to recreate HDFSOutputstream,the exception is 
[xlog] 13-01-14 18:01:03 ERROR impl.HDFSAdapter: fail to get HDFSOutputStream,it can't store logdata to hdfs!
[xlog] 13-01-14 18:01:03 ERROR impl.HDFSAdapter: fail to create HDFSOutputstream,then reinitialize hdfs and recreate!the exception is org.apache.hadoop.hdfs.server.namenode.SafeModeException: Cannot create file/user/xianquanzhang/3g/game/test0/2013-01-14-18.x1. Name node is in safe mode.
The ratio of reported blocks 1.0000 has reached the threshold 0.9990. Safe mode will be turned off automatically in 2 seconds.
	at org.apache.hadoop.hdfs.server.namenode.FSNamesystem.startFileInternal(FSNamesystem.java:1220)
	at org.apache.hadoop.hdfs.server.namenode.FSNamesystem.startFile(FSNamesystem.java:1188)
	at org.apache.hadoop.hdfs.server.namenode.NameNode.create(NameNode.java:628)
	at sun.reflect.GeneratedMethodAccessor3.invoke(Unknown Source)
	at sun.reflect.DelegatingMethodAccessorImpl.invoke(DelegatingMethodAccessorImpl.java:25)
	at java.lang.reflect.Method.invoke(Method.java:597)
	at org.apache.hadoop.ipc.RPC$Server.call(RPC.java:643)
	at org.apache.hadoop.ipc.Server$Handler$1.run(Server.java:1388)
	at org.apache.hadoop.ipc.Server$Handler$1.run(Server.java:1384)
	at java.security.AccessController.doPrivileged(Native Method)
	at javax.security.auth.Subject.doAs(Subject.java:396)
	at org.apache.hadoop.security.UserGroupInformation.doAs(UserGroupInformation.java:1121)
	at org.apache.hadoop.ipc.Server$Handler.run(Server.java:1382)

[xlog] 13-01-14 18:01:04 ERROR impl.HDFSAdapter: fail to recreate HDFSOutputstream,the exception is 
[xlog] 13-01-14 18:01:04 ERROR impl.HDFSAdapter: fail to get HDFSOutputStream,it can't store logdata to hdfs!
[xlog] 13-01-14 18:01:04 ERROR impl.HDFSAdapter: fail to create HDFSOutputstream,then reinitialize hdfs and recreate!the exception is org.apache.hadoop.hdfs.server.namenode.SafeModeException: Cannot create file/user/xianquanzhang/3g/game/test0/2013-01-14-18.x1. Name node is in safe mode.
The ratio of reported blocks 1.0000 has reached the threshold 0.9990. Safe mode will be turned off automatically in 1 seconds.
	at org.apache.hadoop.hdfs.server.namenode.FSNamesystem.startFileInternal(FSNamesystem.java:1220)
	at org.apache.hadoop.hdfs.server.namenode.FSNamesystem.startFile(FSNamesystem.java:1188)
	at org.apache.hadoop.hdfs.server.namenode.NameNode.create(NameNode.java:628)
	at sun.reflect.GeneratedMethodAccessor3.invoke(Unknown Source)
	at sun.reflect.DelegatingMethodAccessorImpl.invoke(DelegatingMethodAccessorImpl.java:25)
	at java.lang.reflect.Method.invoke(Method.java:597)
	at org.apache.hadoop.ipc.RPC$Server.call(RPC.java:643)
	at org.apache.hadoop.ipc.Server$Handler$1.run(Server.java:1388)
	at org.apache.hadoop.ipc.Server$Handler$1.run(Server.java:1384)
	at java.security.AccessController.doPrivileged(Native Method)
	at javax.security.auth.Subject.doAs(Subject.java:396)
	at org.apache.hadoop.security.UserGroupInformation.doAs(UserGroupInformation.java:1121)
	at org.apache.hadoop.ipc.Server$Handler.run(Server.java:1382)

[xlog] 13-01-14 18:01:05 ERROR impl.HDFSAdapter: fail to recreate HDFSOutputstream,the exception is 
[xlog] 13-01-14 18:01:05 ERROR impl.HDFSAdapter: fail to get HDFSOutputStream,it can't store logdata to hdfs!
[xlog] 13-01-14 18:01:05 ERROR impl.HDFSAdapter: fail to create HDFSOutputstream,then reinitialize hdfs and recreate!the exception is org.apache.hadoop.hdfs.server.namenode.SafeModeException: Cannot create file/user/xianquanzhang/3g/game/test0/2013-01-14-18.x1. Name node is in safe mode.
The ratio of reported blocks 1.0000 has reached the threshold 0.9990. Safe mode will be turned off automatically in 0 seconds.
	at org.apache.hadoop.hdfs.server.namenode.FSNamesystem.startFileInternal(FSNamesystem.java:1220)
	at org.apache.hadoop.hdfs.server.namenode.FSNamesystem.startFile(FSNamesystem.java:1188)
	at org.apache.hadoop.hdfs.server.namenode.NameNode.create(NameNode.java:628)
	at sun.reflect.GeneratedMethodAccessor3.invoke(Unknown Source)
	at sun.reflect.DelegatingMethodAccessorImpl.invoke(DelegatingMethodAccessorImpl.java:25)
	at java.lang.reflect.Method.invoke(Method.java:597)
	at org.apache.hadoop.ipc.RPC$Server.call(RPC.java:643)
	at org.apache.hadoop.ipc.Server$Handler$1.run(Server.java:1388)
	at org.apache.hadoop.ipc.Server$Handler$1.run(Server.java:1384)
	at java.security.AccessController.doPrivileged(Native Method)
	at javax.security.auth.Subject.doAs(Subject.java:396)
	at org.apache.hadoop.security.UserGroupInformation.doAs(UserGroupInformation.java:1121)
	at org.apache.hadoop.ipc.Server$Handler.run(Server.java:1382)

[xlog] 13-01-14 18:01:05 ERROR impl.HDFSAdapter: fail to recreate HDFSOutputstream,the exception is 
[xlog] 13-01-14 18:01:05 ERROR impl.HDFSAdapter: fail to get HDFSOutputStream,it can't store logdata to hdfs!
[xlog] 13-01-14 18:01:05 ERROR impl.HDFSAdapter: fail to create HDFSOutputstream,then reinitialize hdfs and recreate!the exception is org.apache.hadoop.hdfs.server.namenode.SafeModeException: Cannot create file/user/xianquanzhang/3g/game/test0/2013-01-14-18.x1. Name node is in safe mode.
The ratio of reported blocks 1.0000 has reached the threshold 0.9990. Safe mode will be turned off automatically in 0 seconds.
	at org.apache.hadoop.hdfs.server.namenode.FSNamesystem.startFileInternal(FSNamesystem.java:1220)
	at org.apache.hadoop.hdfs.server.namenode.FSNamesystem.startFile(FSNamesystem.java:1188)
	at org.apache.hadoop.hdfs.server.namenode.NameNode.create(NameNode.java:628)
	at sun.reflect.GeneratedMethodAccessor3.invoke(Unknown Source)
	at sun.reflect.DelegatingMethodAccessorImpl.invoke(DelegatingMethodAccessorImpl.java:25)
	at java.lang.reflect.Method.invoke(Method.java:597)
	at org.apache.hadoop.ipc.RPC$Server.call(RPC.java:643)
	at org.apache.hadoop.ipc.Server$Handler$1.run(Server.java:1388)
	at org.apache.hadoop.ipc.Server$Handler$1.run(Server.java:1384)
	at java.security.AccessController.doPrivileged(Native Method)
	at javax.security.auth.Subject.doAs(Subject.java:396)
	at org.apache.hadoop.security.UserGroupInformation.doAs(UserGroupInformation.java:1121)
	at org.apache.hadoop.ipc.Server$Handler.run(Server.java:1382)

[xlog] 13-01-14 18:01:06 DEBUG impl.HDFSAdapter: success to get HDFSOutputStream!
[xlog] 13-01-14 18:01:48 DEBUG sync.SyncTimer: it start 0 threads to sync data!
[xlog] 13-01-14 18:02:48 DEBUG sync.SyncTimer: it start 0 threads to sync data!
[xlog] 13-01-14 18:03:48 DEBUG sync.SyncTimer: it start 0 threads to sync data!
[xlog] 13-01-14 18:04:48 DEBUG sync.SyncTimer: it start 0 threads to sync data!
[xlog] 13-01-14 18:05:48 DEBUG sync.SyncTimer: it start 0 threads to sync data!
[xlog] 13-01-14 18:06:48 DEBUG sync.SyncTimer: it start 0 threads to sync data!
[xlog] 13-01-14 18:07:48 DEBUG sync.SyncTimer: it start 0 threads to sync data!
[xlog] 13-01-14 18:08:48 DEBUG sync.SyncTimer: it start 0 threads to sync data!
[xlog] 13-01-14 18:09:48 DEBUG sync.SyncTimer: it start 0 threads to sync data!
[xlog] 13-01-14 18:10:48 DEBUG sync.SyncTimer: it start 0 threads to sync data!
[xlog] 13-01-14 18:11:48 DEBUG sync.SyncTimer: it start 0 threads to sync data!
[xlog] 13-01-14 18:12:48 DEBUG sync.SyncTimer: it start 0 threads to sync data!
[xlog] 13-01-14 18:13:48 DEBUG sync.SyncTimer: it start 0 threads to sync data!
[xlog] 13-01-14 18:14:48 DEBUG sync.SyncTimer: it start 0 threads to sync data!
[xlog] 13-01-14 18:15:48 DEBUG sync.SyncTimer: it start 0 threads to sync data!
[xlog] 13-01-14 18:16:48 DEBUG sync.SyncTimer: it start 0 threads to sync data!
[xlog] 13-01-14 18:17:48 DEBUG sync.SyncTimer: it start 0 threads to sync data!
[xlog] 13-01-14 18:18:48 DEBUG sync.SyncTimer: it start 0 threads to sync data!
[xlog] 13-01-14 18:19:48 DEBUG sync.SyncTimer: it start 0 threads to sync data!
[xlog] 13-01-14 18:20:48 DEBUG sync.SyncTimer: it start 0 threads to sync data!
[xlog] 13-01-14 18:21:48 DEBUG sync.SyncTimer: it start 0 threads to sync data!
[xlog] 13-01-14 18:22:48 DEBUG sync.SyncTimer: it start 0 threads to sync data!
[xlog] 13-01-14 18:23:48 DEBUG sync.SyncTimer: it start 0 threads to sync data!
[xlog] 13-01-14 18:24:48 DEBUG sync.SyncTimer: it start 0 threads to sync data!
[xlog] 13-01-14 18:25:48 DEBUG sync.SyncTimer: it start 0 threads to sync data!
[xlog] 13-01-14 18:26:48 DEBUG sync.SyncTimer: it start 0 threads to sync data!
[xlog] 13-01-14 18:27:48 DEBUG sync.SyncTimer: it start 0 threads to sync data!
[xlog] 13-01-14 18:28:48 DEBUG sync.SyncTimer: it start 0 threads to sync data!
[xlog] 13-01-14 18:29:48 DEBUG sync.SyncTimer: it start 0 threads to sync data!
[xlog] 13-01-14 18:30:48 DEBUG sync.SyncTimer: it start 0 threads to sync data!
[xlog] 13-01-14 18:31:48 DEBUG sync.SyncTimer: it start 0 threads to sync data!
[xlog] 13-01-14 18:32:48 DEBUG sync.SyncTimer: it start 0 threads to sync data!
[xlog] 13-01-14 18:33:48 DEBUG sync.SyncTimer: it start 0 threads to sync data!
[xlog] 13-01-14 18:34:48 DEBUG sync.SyncTimer: it start 0 threads to sync data!
[xlog] 13-01-14 18:35:48 DEBUG sync.SyncTimer: it start 0 threads to sync data!
[xlog] 13-01-14 18:36:48 DEBUG sync.SyncTimer: it start 0 threads to sync data!
[xlog] 13-01-14 18:37:48 DEBUG sync.SyncTimer: it start 0 threads to sync data!
[xlog] 13-01-14 18:38:48 DEBUG sync.SyncTimer: it start 0 threads to sync data!
[xlog] 13-01-14 18:39:48 DEBUG sync.SyncTimer: it start 0 threads to sync data!
[xlog] 13-01-14 18:40:48 DEBUG sync.SyncTimer: it start 0 threads to sync data!
[xlog] 13-01-14 18:41:48 DEBUG sync.SyncTimer: it start 0 threads to sync data!
[xlog] 13-01-14 18:42:48 DEBUG sync.SyncTimer: it start 0 threads to sync data!
[xlog] 13-01-14 18:43:48 DEBUG sync.SyncTimer: it start 0 threads to sync data!
[xlog] 13-01-14 18:44:48 DEBUG sync.SyncTimer: it start 0 threads to sync data!
[xlog] 13-01-14 18:45:48 DEBUG sync.SyncTimer: it start 0 threads to sync data!
[xlog] 13-01-14 18:46:48 DEBUG sync.SyncTimer: it start 0 threads to sync data!
[xlog] 13-01-14 18:47:48 DEBUG sync.SyncTimer: it start 0 threads to sync data!
[xlog] 13-01-14 18:48:48 DEBUG sync.SyncTimer: it start 0 threads to sync data!
[xlog] 13-01-14 18:49:48 DEBUG sync.SyncTimer: it start 0 threads to sync data!
[xlog] 13-01-14 18:50:48 DEBUG sync.SyncTimer: it start 0 threads to sync data!
[xlog] 13-01-14 18:51:48 DEBUG sync.SyncTimer: it start 0 threads to sync data!
[xlog] 13-01-14 18:52:48 DEBUG sync.SyncTimer: it start 0 threads to sync data!
[xlog] 13-01-14 18:53:48 DEBUG sync.SyncTimer: it start 0 threads to sync data!
[xlog] 13-01-14 18:54:48 DEBUG sync.SyncTimer: it start 0 threads to sync data!
[xlog] 13-01-14 18:55:48 DEBUG sync.SyncTimer: it start 0 threads to sync data!
[xlog] 13-01-14 18:56:48 DEBUG sync.SyncTimer: it start 0 threads to sync data!
[xlog] 13-01-14 18:57:48 DEBUG sync.SyncTimer: it start 0 threads to sync data!
[xlog] 13-01-14 18:58:48 DEBUG sync.SyncTimer: it start 0 threads to sync data!
[xlog] 13-01-14 18:59:48 DEBUG sync.SyncTimer: it start 0 threads to sync data!
[xlog] 13-01-14 19:00:00 DEBUG impl.HDFSAdapter: success to get HDFSOutputStream!
[xlog] 13-01-14 19:00:48 DEBUG sync.SyncTimer: it start 0 threads to sync data!
[xlog] 13-01-14 19:01:48 DEBUG sync.SyncTimer: it start 0 threads to sync data!
[xlog] 13-01-14 19:02:48 DEBUG sync.SyncTimer: it start 0 threads to sync data!
